#
# A fatal error has been detected by the Java Runtime Environment:
#
#  EXCEPTION_ACCESS_VIOLATION (0xc0000005) at pc=0x000000005e781ab0, pid=4956, tid=19292
#
# JRE version: Java(TM) SE Runtime Environment (10.0.2+13) (build 10.0.2+13)
# Java VM: Java HotSpot(TM) 64-Bit Server VM (10.0.2+13, mixed mode, tiered, compressed oops, g1 gc, windows-amd64)
# Problematic frame:
# V  [jvm.dll+0x191ab0]
#
# No core dump will be written. Minidumps are not enabled by default on client versions of Windows
#
# If you would like to submit a bug report, please visit:
#   http://bugreport.java.com/bugreport/crash.jsp
#

---------------  S U M M A R Y ------------

Command Line: -Dfile.encoding=Cp1252 codinginterviewbook.string.Excelcolumn

Host: Intel(R) Core(TM) i5-5200U CPU @ 2.20GHz, 4 cores, 7G,  Windows 10 , 64 bit Build 17134 (10.0.17134.706)
Time: Thu Apr 18 23:06:03 2019 Eastern Daylight Time elapsed time: 0 seconds (0d 0h 0m 0s)

---------------  T H R E A D  ---------------

Current thread (0x000001e22d6e7000):  JavaThread "C2 CompilerThread0" daemon [_thread_in_native, id=19292, stack(0x000000adb8300000,0x000000adb8400000)]


Current CompileTask:
C2:    290  120       4       codinginterviewbook.string.Excelcolumn::getExcelColumn (60 bytes)

Stack: [0x000000adb8300000,0x000000adb8400000],  sp=0x000000adb83fbd70,  free space=1007k
Native frames: (J=compiled Java code, j=interpreted, Vv=VM code, C=native code)
V  [jvm.dll+0x191ab0]
V  [jvm.dll+0x3110cb]
V  [jvm.dll+0x31063a]
V  [jvm.dll+0x1ffe91]
V  [jvm.dll+0x1ff116]
V  [jvm.dll+0x17c94b]
V  [jvm.dll+0x20c8dd]
V  [jvm.dll+0x20b6a6]
V  [jvm.dll+0x68b7ff]
V  [jvm.dll+0x59f4b0]
C  [msvcr120.dll+0x24f7f]
C  [msvcr120.dll+0x25126]
C  [KERNEL32.DLL+0x14034]
C  [ntdll.dll+0x73691]


siginfo: EXCEPTION_ACCESS_VIOLATION (0xc0000005), reading address 0x0000000000000028


Register to memory mapping:

RIP=0x000000005e781ab0 jvm.dll
RAX=0x000001e22e167cd0 is an unknown value
RBX=0x0000000000000000 is an unknown value
RCX=0x0000000000000000 is an unknown value
RDX=0x0000000000000000 is an unknown value
RSP=0x000000adb83fbd70 is pointing into the stack for thread: 0x000001e22d6e7000
RBP=0xffffffffffffffff is an unknown value
RSI=0x000000adb83fbf00 is pointing into the stack for thread: 0x000001e22d6e7000
RDI=0x0000000000000002 is an unknown value
R8 =
[error occurred during error reporting (printing register info), id 0xc0000005]

Registers:
RAX=0x000001e22e167cd0, RBX=0x0000000000000000, RCX=0x0000000000000000, RDX=0x0000000000000000
RSP=0x000000adb83fbd70, RBP=0xffffffffffffffff, RSI=0x000000adb83fbf00, RDI=0x0000000000000002
R8 =0x00000000ffffffff, R9 =0x0000000000000000, R10=0x000001e22e06fc30, R11=0x0000000000000001
R12=0x0000000000000001, R13=0x0000000000000008, R14=0x000001e22e0a4c48, R15=0x000001e22e0a8b10
RIP=0x000000005e781ab0, EFLAGS=0x0000000000010297

Top of Stack: (sp=0x000000adb83fbd70)
0x000000adb83fbd70:   000001e22e06fba0 000001e22e06fbd8
0x000000adb83fbd80:   000001e22e06fba0 ffffffffffffffff
0x000000adb83fbd90:   0000000a00000005 0000000000000002
0x000000adb83fbda0:   000001e22e0a8b10 000000adb83fbe80
0x000000adb83fbdb0:   0000000000000000 0000000000000000
0x000000adb83fbdc0:   000001e22e071e90 000001e22d6e7510
0x000000adb83fbdd0:   0000000000000000 000001e22d6e7520
0x000000adb83fbde0:   00000000000003d8 000000adb83fbf10
0x000000adb83fbdf0:   0000000000000098 000000005ed75401
0x000000adb83fbe00:   000000adb83fc310 000000005e9010cb
0x000000adb83fbe10:   000000adb83fbf00 000000adb83fbf00
0x000000adb83fbe20:   000000005ed75400 00000000ffffffff
0x000000adb83fbe30:   0000000000000001 000000adb83fc540
0x000000adb83fbe40:   000001e22e062b90 000000005eb262de
0x000000adb83fbe50:   000000adb83fc540 000001e22e062b90
0x000000adb83fbe60:   000001e22e166d20 000001e22e167090 

Instructions: (pc=0x000000005e781ab0)
0x000000005e781a90:   00 00 00 00 0f 1f 40 00 0f 1f 84 00 00 00 00 00
0x000000005e781aa0:   49 8b 46 08 49 8b 4c 05 00 48 8b 86 28 01 00 00
0x000000005e781ab0:   48 63 51 28 8b 3c 90 85 ff 0f 84 35 02 00 00 84
0x000000005e781ac0:   db 74 11 45 3b c4 75 0c 49 8b 06 49 8b ce ff 90 



---------------  P R O C E S S  ---------------

Threads class SMR info:
_java_thread_list=0x000001e22e1d8600, length=11, elements={
0x000001e20c3fb000, 0x000001e22d6be800, 0x000001e22d6c7800, 0x000001e22e032800,
0x000001e22d6d4000, 0x000001e22d6e7000, 0x000001e22d6fd000, 0x000001e22d6fd800,
0x000001e22d6fe800, 0x000001e22e218800, 0x000001e22e21e800
}

Java Threads: ( => current thread )
  0x000001e20c3fb000 JavaThread "main" [_thread_in_Java, id=27068, stack(0x000000adb7200000,0x000000adb7300000)]
  0x000001e22d6be800 JavaThread "Reference Handler" daemon [_thread_blocked, id=22584, stack(0x000000adb7f00000,0x000000adb8000000)]
  0x000001e22d6c7800 JavaThread "Finalizer" daemon [_thread_blocked, id=27464, stack(0x000000adb8000000,0x000000adb8100000)]
  0x000001e22e032800 JavaThread "Signal Dispatcher" daemon [_thread_blocked, id=28320, stack(0x000000adb8100000,0x000000adb8200000)]
  0x000001e22d6d4000 JavaThread "Attach Listener" daemon [_thread_blocked, id=23748, stack(0x000000adb8200000,0x000000adb8300000)]
=>0x000001e22d6e7000 JavaThread "C2 CompilerThread0" daemon [_thread_in_native, id=19292, stack(0x000000adb8300000,0x000000adb8400000)]
  0x000001e22d6fd000 JavaThread "C2 CompilerThread1" daemon [_thread_blocked, id=29804, stack(0x000000adb8400000,0x000000adb8500000)]
  0x000001e22d6fd800 JavaThread "C1 CompilerThread2" daemon [_thread_blocked, id=14932, stack(0x000000adb8500000,0x000000adb8600000)]
  0x000001e22d6fe800 JavaThread "Sweeper thread" daemon [_thread_blocked, id=30812, stack(0x000000adb8600000,0x000000adb8700000)]
  0x000001e22e218800 JavaThread "Service Thread" daemon [_thread_blocked, id=23536, stack(0x000000adb8700000,0x000000adb8800000)]
  0x000001e22e21e800 JavaThread "Common-Cleaner" daemon [_thread_blocked, id=26732, stack(0x000000adb8800000,0x000000adb8900000)]

Other Threads:
  0x000001e22d6bb000 VMThread "VM Thread" [stack: 0x000000adb7e00000,0x000000adb7f00000] [id=29624]
  0x000001e22e21f800 WatcherThread [stack: 0x000000adb8900000,0x000000adb8a00000] [id=31140]
  0x000001e20c415800 GCTaskThread "GC Thread#0" [stack: 0x000000adb7300000,0x000000adb7400000] [id=30196]
  0x000001e20c418000 GCTaskThread "GC Thread#1" [stack: 0x000000adb7400000,0x000000adb7500000] [id=19500]
  0x000001e20c41a000 GCTaskThread "GC Thread#2" [stack: 0x000000adb7500000,0x000000adb7600000] [id=28596]
  0x000001e20c41c000 GCTaskThread "GC Thread#3" [stack: 0x000000adb7600000,0x000000adb7700000] [id=9720]
  0x000001e20c48e800 ConcurrentGCThread "G1 Main Marker" [stack: 0x000000adb7700000,0x000000adb7800000] [id=29508]
  0x000001e20c491000 ConcurrentGCThread "G1 Conc#0" [stack: 0x000000adb7800000,0x000000adb7900000] [id=30284]
  0x000001e22d543800 ConcurrentGCThread "G1 Refine#0" [stack: 0x000000adb7900000,0x000000adb7a00000] [id=24420]
  0x000001e22d545000 ConcurrentGCThread "G1 Refine#1" [stack: 0x000000adb7a00000,0x000000adb7b00000] [id=25928]
  0x000001e22d54a800 ConcurrentGCThread "G1 Refine#2" [stack: 0x000000adb7b00000,0x000000adb7c00000] [id=23576]
  0x000001e22d54b800 ConcurrentGCThread "G1 Refine#3" [stack: 0x000000adb7c00000,0x000000adb7d00000] [id=29944]
  0x000001e22d554000 ConcurrentGCThread "G1 Young RemSet Sampling" [stack: 0x000000adb7d00000,0x000000adb7e00000] [id=30868]

Threads with active compile tasks:
C2 CompilerThread0 120       4       codinginterviewbook.string.Excelcolumn::getExcelColumn (60 bytes)

VM state:not at safepoint (normal execution)

VM Mutex/Monitor currently owned by a thread: None

Heap address: 0x0000000081600000, size: 2026 MB, Compressed Oops mode: 32-bit
Narrow klass base: 0x0000000000000000, Narrow klass shift: 3
Compressed class space size: 1073741824 Address: 0x0000000100000000

Heap:
 garbage-first heap   total 131072K, used 1024K [0x0000000081600000, 0x0000000100000000)
  region size 1024K, 2 young (2048K), 0 survivors (0K)
 Metaspace       used 3854K, capacity 4486K, committed 4864K, reserved 1056768K
  class space    used 327K, capacity 386K, committed 512K, reserved 1048576K
Heap Regions: E=young(eden), S=young(survivor), O=old, HS=humongous(starts), HC=humongous(continues), CS=collection set, F=free, A=archive, TS=gc time stamp, AC=allocation context, TAMS=top-at-mark-start (previous, next)
|   0|0x0000000081600000, 0x0000000081600000, 0x0000000081700000|  0%| F|  |TS  0|AC  0|TAMS 0x0000000081600000, 0x0000000081600000|
|   1|0x0000000081700000, 0x0000000081700000, 0x0000000081800000|  0%| F|  |TS  0|AC  0|TAMS 0x0000000081700000, 0x0000000081700000|
|   2|0x0000000081800000, 0x0000000081800000, 0x0000000081900000|  0%| F|  |TS  0|AC  0|TAMS 0x0000000081800000, 0x0000000081800000|
|   3|0x0000000081900000, 0x0000000081900000, 0x0000000081a00000|  0%| F|  |TS  0|AC  0|TAMS 0x0000000081900000, 0x0000000081900000|
|   4|0x0000000081a00000, 0x0000000081a00000, 0x0000000081b00000|  0%| F|  |TS  0|AC  0|TAMS 0x0000000081a00000, 0x0000000081a00000|
|   5|0x0000000081b00000, 0x0000000081b00000, 0x0000000081c00000|  0%| F|  |TS  0|AC  0|TAMS 0x0000000081b00000, 0x0000000081b00000|
|   6|0x0000000081c00000, 0x0000000081c00000, 0x0000000081d00000|  0%| F|  |TS  0|AC  0|TAMS 0x0000000081c00000, 0x0000000081c00000|
|   7|0x0000000081d00000, 0x0000000081d00000, 0x0000000081e00000|  0%| F|  |TS  0|AC  0|TAMS 0x0000000081d00000, 0x0000000081d00000|
|   8|0x0000000081e00000, 0x0000000081e00000, 0x0000000081f00000|  0%| F|  |TS  0|AC  0|TAMS 0x0000000081e00000, 0x0000000081e00000|
|   9|0x0000000081f00000, 0x0000000081f00000, 0x0000000082000000|  0%| F|  |TS  0|AC  0|TAMS 0x0000000081f00000, 0x0000000081f00000|
|  10|0x0000000082000000, 0x0000000082000000, 0x0000000082100000|  0%| F|  |TS  0|AC  0|TAMS 0x0000000082000000, 0x0000000082000000|
|  11|0x0000000082100000, 0x0000000082100000, 0x0000000082200000|  0%| F|  |TS  0|AC  0|TAMS 0x0000000082100000, 0x0000000082100000|
|  12|0x0000000082200000, 0x0000000082200000, 0x0000000082300000|  0%| F|  |TS  0|AC  0|TAMS 0x0000000082200000, 0x0000000082200000|
|  13|0x0000000082300000, 0x0000000082300000, 0x0000000082400000|  0%| F|  |TS  0|AC  0|TAMS 0x0000000082300000, 0x0000000082300000|
|  14|0x0000000082400000, 0x0000000082400000, 0x0000000082500000|  0%| F|  |TS  0|AC  0|TAMS 0x0000000082400000, 0x0000000082400000|
|  15|0x0000000082500000, 0x0000000082500000, 0x0000000082600000|  0%| F|  |TS  0|AC  0|TAMS 0x0000000082500000, 0x0000000082500000|
|  16|0x0000000082600000, 0x0000000082600000, 0x0000000082700000|  0%| F|  |TS  0|AC  0|TAMS 0x0000000082600000, 0x0000000082600000|
|  17|0x0000000082700000, 0x0000000082700000, 0x0000000082800000|  0%| F|  |TS  0|AC  0|TAMS 0x0000000082700000, 0x0000000082700000|
|  18|0x0000000082800000, 0x0000000082800000, 0x0000000082900000|  0%| F|  |TS  0|AC  0|TAMS 0x0000000082800000, 0x0000000082800000|
|  19|0x0000000082900000, 0x0000000082900000, 0x0000000082a00000|  0%| F|  |TS  0|AC  0|TAMS 0x0000000082900000, 0x0000000082900000|
|  20|0x0000000082a00000, 0x0000000082a00000, 0x0000000082b00000|  0%| F|  |TS  0|AC  0|TAMS 0x0000000082a00000, 0x0000000082a00000|
|  21|0x0000000082b00000, 0x0000000082b00000, 0x0000000082c00000|  0%| F|  |TS  0|AC  0|TAMS 0x0000000082b00000, 0x0000000082b00000|
|  22|0x0000000082c00000, 0x0000000082c00000, 0x0000000082d00000|  0%| F|  |TS  0|AC  0|TAMS 0x0000000082c00000, 0x0000000082c00000|
|  23|0x0000000082d00000, 0x0000000082d00000, 0x0000000082e00000|  0%| F|  |TS  0|AC  0|TAMS 0x0000000082d00000, 0x0000000082d00000|
|  24|0x0000000082e00000, 0x0000000082e00000, 0x0000000082f00000|  0%| F|  |TS  0|AC  0|TAMS 0x0000000082e00000, 0x0000000082e00000|
|  25|0x0000000082f00000, 0x0000000082f00000, 0x0000000083000000|  0%| F|  |TS  0|AC  0|TAMS 0x0000000082f00000, 0x0000000082f00000|
|  26|0x0000000083000000, 0x0000000083000000, 0x0000000083100000|  0%| F|  |TS  0|AC  0|TAMS 0x0000000083000000, 0x0000000083000000|
|  27|0x0000000083100000, 0x0000000083100000, 0x0000000083200000|  0%| F|  |TS  0|AC  0|TAMS 0x0000000083100000, 0x0000000083100000|
|  28|0x0000000083200000, 0x0000000083200000, 0x0000000083300000|  0%| F|  |TS  0|AC  0|TAMS 0x0000000083200000, 0x0000000083200000|
|  29|0x0000000083300000, 0x0000000083300000, 0x0000000083400000|  0%| F|  |TS  0|AC  0|TAMS 0x0000000083300000, 0x0000000083300000|
|  30|0x0000000083400000, 0x0000000083400000, 0x0000000083500000|  0%| F|  |TS  0|AC  0|TAMS 0x0000000083400000, 0x0000000083400000|
|  31|0x0000000083500000, 0x0000000083500000, 0x0000000083600000|  0%| F|  |TS  0|AC  0|TAMS 0x0000000083500000, 0x0000000083500000|
|  32|0x0000000083600000, 0x0000000083600000, 0x0000000083700000|  0%| F|  |TS  0|AC  0|TAMS 0x0000000083600000, 0x0000000083600000|
|  33|0x0000000083700000, 0x0000000083700000, 0x0000000083800000|  0%| F|  |TS  0|AC  0|TAMS 0x0000000083700000, 0x0000000083700000|
|  34|0x0000000083800000, 0x0000000083800000, 0x0000000083900000|  0%| F|  |TS  0|AC  0|TAMS 0x0000000083800000, 0x0000000083800000|
|  35|0x0000000083900000, 0x0000000083900000, 0x0000000083a00000|  0%| F|  |TS  0|AC  0|TAMS 0x0000000083900000, 0x0000000083900000|
|  36|0x0000000083a00000, 0x0000000083a00000, 0x0000000083b00000|  0%| F|  |TS  0|AC  0|TAMS 0x0000000083a00000, 0x0000000083a00000|
|  37|0x0000000083b00000, 0x0000000083b00000, 0x0000000083c00000|  0%| F|  |TS  0|AC  0|TAMS 0x0000000083b00000, 0x0000000083b00000|
|  38|0x0000000083c00000, 0x0000000083c00000, 0x0000000083d00000|  0%| F|  |TS  0|AC  0|TAMS 0x0000000083c00000, 0x0000000083c00000|
|  39|0x0000000083d00000, 0x0000000083d00000, 0x0000000083e00000|  0%| F|  |TS  0|AC  0|TAMS 0x0000000083d00000, 0x0000000083d00000|
|  40|0x0000000083e00000, 0x0000000083e00000, 0x0000000083f00000|  0%| F|  |TS  0|AC  0|TAMS 0x0000000083e00000, 0x0000000083e00000|
|  41|0x0000000083f00000, 0x0000000083f00000, 0x0000000084000000|  0%| F|  |TS  0|AC  0|TAMS 0x0000000083f00000, 0x0000000083f00000|
|  42|0x0000000084000000, 0x0000000084000000, 0x0000000084100000|  0%| F|  |TS  0|AC  0|TAMS 0x0000000084000000, 0x0000000084000000|
|  43|0x0000000084100000, 0x0000000084100000, 0x0000000084200000|  0%| F|  |TS  0|AC  0|TAMS 0x0000000084100000, 0x0000000084100000|
|  44|0x0000000084200000, 0x0000000084200000, 0x0000000084300000|  0%| F|  |TS  0|AC  0|TAMS 0x0000000084200000, 0x0000000084200000|
|  45|0x0000000084300000, 0x0000000084300000, 0x0000000084400000|  0%| F|  |TS  0|AC  0|TAMS 0x0000000084300000, 0x0000000084300000|
|  46|0x0000000084400000, 0x0000000084400000, 0x0000000084500000|  0%| F|  |TS  0|AC  0|TAMS 0x0000000084400000, 0x0000000084400000|
|  47|0x0000000084500000, 0x0000000084500000, 0x0000000084600000|  0%| F|  |TS  0|AC  0|TAMS 0x0000000084500000, 0x0000000084500000|
|  48|0x0000000084600000, 0x0000000084600000, 0x0000000084700000|  0%| F|  |TS  0|AC  0|TAMS 0x0000000084600000, 0x0000000084600000|
|  49|0x0000000084700000, 0x0000000084700000, 0x0000000084800000|  0%| F|  |TS  0|AC  0|TAMS 0x0000000084700000, 0x0000000084700000|
|  50|0x0000000084800000, 0x0000000084800000, 0x0000000084900000|  0%| F|  |TS  0|AC  0|TAMS 0x0000000084800000, 0x0000000084800000|
|  51|0x0000000084900000, 0x0000000084900000, 0x0000000084a00000|  0%| F|  |TS  0|AC  0|TAMS 0x0000000084900000, 0x0000000084900000|
|  52|0x0000000084a00000, 0x0000000084a00000, 0x0000000084b00000|  0%| F|  |TS  0|AC  0|TAMS 0x0000000084a00000, 0x0000000084a00000|
|  53|0x0000000084b00000, 0x0000000084b00000, 0x0000000084c00000|  0%| F|  |TS  0|AC  0|TAMS 0x0000000084b00000, 0x0000000084b00000|
|  54|0x0000000084c00000, 0x0000000084c00000, 0x0000000084d00000|  0%| F|  |TS  0|AC  0|TAMS 0x0000000084c00000, 0x0000000084c00000|
|  55|0x0000000084d00000, 0x0000000084d00000, 0x0000000084e00000|  0%| F|  |TS  0|AC  0|TAMS 0x0000000084d00000, 0x0000000084d00000|
|  56|0x0000000084e00000, 0x0000000084e00000, 0x0000000084f00000|  0%| F|  |TS  0|AC  0|TAMS 0x0000000084e00000, 0x0000000084e00000|
|  57|0x0000000084f00000, 0x0000000084f00000, 0x0000000085000000|  0%| F|  |TS  0|AC  0|TAMS 0x0000000084f00000, 0x0000000084f00000|
|  58|0x0000000085000000, 0x0000000085000000, 0x0000000085100000|  0%| F|  |TS  0|AC  0|TAMS 0x0000000085000000, 0x0000000085000000|
|  59|0x0000000085100000, 0x0000000085100000, 0x0000000085200000|  0%| F|  |TS  0|AC  0|TAMS 0x0000000085100000, 0x0000000085100000|
|  60|0x0000000085200000, 0x0000000085200000, 0x0000000085300000|  0%| F|  |TS  0|AC  0|TAMS 0x0000000085200000, 0x0000000085200000|
|  61|0x0000000085300000, 0x0000000085300000, 0x0000000085400000|  0%| F|  |TS  0|AC  0|TAMS 0x0000000085300000, 0x0000000085300000|
|  62|0x0000000085400000, 0x0000000085400000, 0x0000000085500000|  0%| F|  |TS  0|AC  0|TAMS 0x0000000085400000, 0x0000000085400000|
|  63|0x0000000085500000, 0x0000000085500000, 0x0000000085600000|  0%| F|  |TS  0|AC  0|TAMS 0x0000000085500000, 0x0000000085500000|
|  64|0x0000000085600000, 0x0000000085600000, 0x0000000085700000|  0%| F|  |TS  0|AC  0|TAMS 0x0000000085600000, 0x0000000085600000|
|  65|0x0000000085700000, 0x0000000085700000, 0x0000000085800000|  0%| F|  |TS  0|AC  0|TAMS 0x0000000085700000, 0x0000000085700000|
|  66|0x0000000085800000, 0x0000000085800000, 0x0000000085900000|  0%| F|  |TS  0|AC  0|TAMS 0x0000000085800000, 0x0000000085800000|
|  67|0x0000000085900000, 0x0000000085900000, 0x0000000085a00000|  0%| F|  |TS  0|AC  0|TAMS 0x0000000085900000, 0x0000000085900000|
|  68|0x0000000085a00000, 0x0000000085a00000, 0x0000000085b00000|  0%| F|  |TS  0|AC  0|TAMS 0x0000000085a00000, 0x0000000085a00000|
|  69|0x0000000085b00000, 0x0000000085b00000, 0x0000000085c00000|  0%| F|  |TS  0|AC  0|TAMS 0x0000000085b00000, 0x0000000085b00000|
|  70|0x0000000085c00000, 0x0000000085c00000, 0x0000000085d00000|  0%| F|  |TS  0|AC  0|TAMS 0x0000000085c00000, 0x0000000085c00000|
|  71|0x0000000085d00000, 0x0000000085d00000, 0x0000000085e00000|  0%| F|  |TS  0|AC  0|TAMS 0x0000000085d00000, 0x0000000085d00000|
|  72|0x0000000085e00000, 0x0000000085e00000, 0x0000000085f00000|  0%| F|  |TS  0|AC  0|TAMS 0x0000000085e00000, 0x0000000085e00000|
|  73|0x0000000085f00000, 0x0000000085f00000, 0x0000000086000000|  0%| F|  |TS  0|AC  0|TAMS 0x0000000085f00000, 0x0000000085f00000|
|  74|0x0000000086000000, 0x0000000086000000, 0x0000000086100000|  0%| F|  |TS  0|AC  0|TAMS 0x0000000086000000, 0x0000000086000000|
|  75|0x0000000086100000, 0x0000000086100000, 0x0000000086200000|  0%| F|  |TS  0|AC  0|TAMS 0x0000000086100000, 0x0000000086100000|
|  76|0x0000000086200000, 0x0000000086200000, 0x0000000086300000|  0%| F|  |TS  0|AC  0|TAMS 0x0000000086200000, 0x0000000086200000|
|  77|0x0000000086300000, 0x0000000086300000, 0x0000000086400000|  0%| F|  |TS  0|AC  0|TAMS 0x0000000086300000, 0x0000000086300000|
|  78|0x0000000086400000, 0x0000000086400000, 0x0000000086500000|  0%| F|  |TS  0|AC  0|TAMS 0x0000000086400000, 0x0000000086400000|
|  79|0x0000000086500000, 0x0000000086500000, 0x0000000086600000|  0%| F|  |TS  0|AC  0|TAMS 0x0000000086500000, 0x0000000086500000|
|  80|0x0000000086600000, 0x0000000086600000, 0x0000000086700000|  0%| F|  |TS  0|AC  0|TAMS 0x0000000086600000, 0x0000000086600000|
|  81|0x0000000086700000, 0x0000000086700000, 0x0000000086800000|  0%| F|  |TS  0|AC  0|TAMS 0x0000000086700000, 0x0000000086700000|
|  82|0x0000000086800000, 0x0000000086800000, 0x0000000086900000|  0%| F|  |TS  0|AC  0|TAMS 0x0000000086800000, 0x0000000086800000|
|  83|0x0000000086900000, 0x0000000086900000, 0x0000000086a00000|  0%| F|  |TS  0|AC  0|TAMS 0x0000000086900000, 0x0000000086900000|
|  84|0x0000000086a00000, 0x0000000086a00000, 0x0000000086b00000|  0%| F|  |TS  0|AC  0|TAMS 0x0000000086a00000, 0x0000000086a00000|
|  85|0x0000000086b00000, 0x0000000086b00000, 0x0000000086c00000|  0%| F|  |TS  0|AC  0|TAMS 0x0000000086b00000, 0x0000000086b00000|
|  86|0x0000000086c00000, 0x0000000086c00000, 0x0000000086d00000|  0%| F|  |TS  0|AC  0|TAMS 0x0000000086c00000, 0x0000000086c00000|
|  87|0x0000000086d00000, 0x0000000086d00000, 0x0000000086e00000|  0%| F|  |TS  0|AC  0|TAMS 0x0000000086d00000, 0x0000000086d00000|
|  88|0x0000000086e00000, 0x0000000086e00000, 0x0000000086f00000|  0%| F|  |TS  0|AC  0|TAMS 0x0000000086e00000, 0x0000000086e00000|
|  89|0x0000000086f00000, 0x0000000086f00000, 0x0000000087000000|  0%| F|  |TS  0|AC  0|TAMS 0x0000000086f00000, 0x0000000086f00000|
|  90|0x0000000087000000, 0x0000000087000000, 0x0000000087100000|  0%| F|  |TS  0|AC  0|TAMS 0x0000000087000000, 0x0000000087000000|
|  91|0x0000000087100000, 0x0000000087100000, 0x0000000087200000|  0%| F|  |TS  0|AC  0|TAMS 0x0000000087100000, 0x0000000087100000|
|  92|0x0000000087200000, 0x0000000087200000, 0x0000000087300000|  0%| F|  |TS  0|AC  0|TAMS 0x0000000087200000, 0x0000000087200000|
|  93|0x0000000087300000, 0x0000000087300000, 0x0000000087400000|  0%| F|  |TS  0|AC  0|TAMS 0x0000000087300000, 0x0000000087300000|
|  94|0x0000000087400000, 0x0000000087400000, 0x0000000087500000|  0%| F|  |TS  0|AC  0|TAMS 0x0000000087400000, 0x0000000087400000|
|  95|0x0000000087500000, 0x0000000087500000, 0x0000000087600000|  0%| F|  |TS  0|AC  0|TAMS 0x0000000087500000, 0x0000000087500000|
|  96|0x0000000087600000, 0x0000000087600000, 0x0000000087700000|  0%| F|  |TS  0|AC  0|TAMS 0x0000000087600000, 0x0000000087600000|
|  97|0x0000000087700000, 0x0000000087700000, 0x0000000087800000|  0%| F|  |TS  0|AC  0|TAMS 0x0000000087700000, 0x0000000087700000|
|  98|0x0000000087800000, 0x0000000087800000, 0x0000000087900000|  0%| F|  |TS  0|AC  0|TAMS 0x0000000087800000, 0x0000000087800000|
|  99|0x0000000087900000, 0x0000000087900000, 0x0000000087a00000|  0%| F|  |TS  0|AC  0|TAMS 0x0000000087900000, 0x0000000087900000|
| 100|0x0000000087a00000, 0x0000000087a00000, 0x0000000087b00000|  0%| F|  |TS  0|AC  0|TAMS 0x0000000087a00000, 0x0000000087a00000|
| 101|0x0000000087b00000, 0x0000000087b00000, 0x0000000087c00000|  0%| F|  |TS  0|AC  0|TAMS 0x0000000087b00000, 0x0000000087b00000|
| 102|0x0000000087c00000, 0x0000000087c00000, 0x0000000087d00000|  0%| F|  |TS  0|AC  0|TAMS 0x0000000087c00000, 0x0000000087c00000|
| 103|0x0000000087d00000, 0x0000000087d00000, 0x0000000087e00000|  0%| F|  |TS  0|AC  0|TAMS 0x0000000087d00000, 0x0000000087d00000|
| 104|0x0000000087e00000, 0x0000000087e00000, 0x0000000087f00000|  0%| F|  |TS  0|AC  0|TAMS 0x0000000087e00000, 0x0000000087e00000|
| 105|0x0000000087f00000, 0x0000000087f00000, 0x0000000088000000|  0%| F|  |TS  0|AC  0|TAMS 0x0000000087f00000, 0x0000000087f00000|
| 106|0x0000000088000000, 0x0000000088000000, 0x0000000088100000|  0%| F|  |TS  0|AC  0|TAMS 0x0000000088000000, 0x0000000088000000|
| 107|0x0000000088100000, 0x0000000088100000, 0x0000000088200000|  0%| F|  |TS  0|AC  0|TAMS 0x0000000088100000, 0x0000000088100000|
| 108|0x0000000088200000, 0x0000000088200000, 0x0000000088300000|  0%| F|  |TS  0|AC  0|TAMS 0x0000000088200000, 0x0000000088200000|
| 109|0x0000000088300000, 0x0000000088300000, 0x0000000088400000|  0%| F|  |TS  0|AC  0|TAMS 0x0000000088300000, 0x0000000088300000|
| 110|0x0000000088400000, 0x0000000088400000, 0x0000000088500000|  0%| F|  |TS  0|AC  0|TAMS 0x0000000088400000, 0x0000000088400000|
| 111|0x0000000088500000, 0x0000000088500000, 0x0000000088600000|  0%| F|  |TS  0|AC  0|TAMS 0x0000000088500000, 0x0000000088500000|
| 112|0x0000000088600000, 0x0000000088600000, 0x0000000088700000|  0%| F|  |TS  0|AC  0|TAMS 0x0000000088600000, 0x0000000088600000|
| 113|0x0000000088700000, 0x0000000088700000, 0x0000000088800000|  0%| F|  |TS  0|AC  0|TAMS 0x0000000088700000, 0x0000000088700000|
| 114|0x0000000088800000, 0x0000000088800000, 0x0000000088900000|  0%| F|  |TS  0|AC  0|TAMS 0x0000000088800000, 0x0000000088800000|
| 115|0x0000000088900000, 0x0000000088900000, 0x0000000088a00000|  0%| F|  |TS  0|AC  0|TAMS 0x0000000088900000, 0x0000000088900000|
| 116|0x0000000088a00000, 0x0000000088a00000, 0x0000000088b00000|  0%| F|  |TS  0|AC  0|TAMS 0x0000000088a00000, 0x0000000088a00000|
| 117|0x0000000088b00000, 0x0000000088b00000, 0x0000000088c00000|  0%| F|  |TS  0|AC  0|TAMS 0x0000000088b00000, 0x0000000088b00000|
| 118|0x0000000088c00000, 0x0000000088c00000, 0x0000000088d00000|  0%| F|  |TS  0|AC  0|TAMS 0x0000000088c00000, 0x0000000088c00000|
| 119|0x0000000088d00000, 0x0000000088d00000, 0x0000000088e00000|  0%| F|  |TS  0|AC  0|TAMS 0x0000000088d00000, 0x0000000088d00000|
| 120|0x0000000088e00000, 0x0000000088e00000, 0x0000000088f00000|  0%| F|  |TS  0|AC  0|TAMS 0x0000000088e00000, 0x0000000088e00000|
| 121|0x0000000088f00000, 0x0000000088f00000, 0x0000000089000000|  0%| F|  |TS  0|AC  0|TAMS 0x0000000088f00000, 0x0000000088f00000|
| 122|0x0000000089000000, 0x0000000089000000, 0x0000000089100000|  0%| F|  |TS  0|AC  0|TAMS 0x0000000089000000, 0x0000000089000000|
| 123|0x0000000089100000, 0x0000000089100000, 0x0000000089200000|  0%| F|  |TS  0|AC  0|TAMS 0x0000000089100000, 0x0000000089100000|
| 124|0x0000000089200000, 0x0000000089200000, 0x0000000089300000|  0%| F|  |TS  0|AC  0|TAMS 0x0000000089200000, 0x0000000089200000|
| 125|0x0000000089300000, 0x0000000089300000, 0x0000000089400000|  0%| F|  |TS  0|AC  0|TAMS 0x0000000089300000, 0x0000000089300000|
| 126|0x0000000089400000, 0x00000000894482f0, 0x0000000089500000| 28%| E|  |TS  0|AC  0|TAMS 0x0000000089400000, 0x0000000089400000|
| 127|0x0000000089500000, 0x0000000089600000, 0x0000000089600000|100%| E|CS|TS  0|AC  0|TAMS 0x0000000089500000, 0x0000000089500000|

Card table byte_map: [0x000001e226b80000,0x000001e226f80000] byte_map_base: 0x000001e226775000

Marking Bits (Prev, Next): (CMBitMap*) 0x000001e20c48de00, (CMBitMap*) 0x000001e20c48de38
 Prev Bits: [0x000001e227380000, 0x000001e229328000)
 Next Bits: [0x000001e229330000, 0x000001e22b2d8000)

Polling page: 0x000001e20a160000

CodeHeap 'non-profiled nmethods': size=120064Kb used=34Kb max_used=34Kb free=120029Kb
 bounds [0x000001e21f240000, 0x000001e21f4b0000, 0x000001e226780000]
CodeHeap 'profiled nmethods': size=120000Kb used=155Kb max_used=155Kb free=119844Kb
 bounds [0x000001e217d10000, 0x000001e217f80000, 0x000001e21f240000]
CodeHeap 'non-nmethods': size=5696Kb used=989Kb max_used=1000Kb free=4706Kb
 bounds [0x000001e217780000, 0x000001e2179f0000, 0x000001e217d10000]
 total_blobs=419 nmethods=118 adapters=154
 compilation: enabled

Compilation events (10 events):
Event: 0.250 Thread 0x000001e22d6fd800 nmethod 115 0x000001e217d35110 code [0x000001e217d352e0, 0x000001e217d355c0]
Event: 0.250 Thread 0x000001e22d6fd800  116       3       java.lang.String::indexOf (7 bytes)
Event: 0.250 Thread 0x000001e22d6fd800 nmethod 116 0x000001e217d35690 code [0x000001e217d35880, 0x000001e217d35be0]
Event: 0.260 Thread 0x000001e22d6fd800  117       1       java.lang.Object::<init> (1 bytes)
Event: 0.260 Thread 0x000001e22d6fd800 nmethod 117 0x000001e21f248490 code [0x000001e21f248640, 0x000001e21f248758]
Event: 0.261 Thread 0x000001e22d6fd800  118 %     3       codinginterviewbook.string.Excelcolumn::getExcelColumn @ 37 (60 bytes)
Event: 0.262 Thread 0x000001e22d6fd800 nmethod 118% 0x000001e217d35d10 code [0x000001e217d35f80, 0x000001e217d36970]
Event: 0.262 Thread 0x000001e22d6fd000  119 %     4       codinginterviewbook.string.Excelcolumn::getExcelColumn @ 37 (60 bytes)
Event: 0.263 Thread 0x000001e22d6fd000 nmethod 119% 0x000001e21f248810 code [0x000001e21f2489a0, 0x000001e21f248a58]
Event: 0.263 Thread 0x000001e22d6e7000  120       4       codinginterviewbook.string.Excelcolumn::getExcelColumn (60 bytes)

GC Heap History (0 events):
No events

Deoptimization events (1 events):
Event: 0.228 Thread 0x000001e20c3fb000 Uncommon trap: reason=unstable_if action=reinterpret pc=0x000001e21f243970 method=java.lang.String.hashCode()I @ 14 c2

Classes redefined (0 events):
No events

Internal exceptions (0 events):
No events

Events (10 events):
Event: 0.260 loading class java/nio/charset/CoderResult
Event: 0.260 loading class java/nio/charset/CoderResult done
Event: 0.260 loading class java/nio/charset/CoderResult$1
Event: 0.260 loading class java/nio/charset/CoderResult$Cache
Event: 0.260 loading class java/nio/charset/CoderResult$Cache done
Event: 0.260 loading class java/nio/charset/CoderResult$1 done
Event: 0.260 loading class java/nio/charset/CoderResult$2
Event: 0.260 loading class java/nio/charset/CoderResult$2 done
Event: 0.263 Thread 0x000001e20c3fb000 DEOPT PACKING pc=0x000001e217d3672f sp=0x000000adb72ff760
Event: 0.263 Thread 0x000001e20c3fb000 DEOPT UNPACKING pc=0x000001e2177a884e sp=0x000000adb72fec80 mode 0


Dynamic libraries:
0x00007ff7f1a30000 - 0x00007ff7f1a6e000 	C:\Program Files\Java\jdk-10.0.2\bin\javaw.exe
0x00007ff829740000 - 0x00007ff829921000 	C:\Windows\SYSTEM32\ntdll.dll
0x00007ff829250000 - 0x00007ff829301000 	C:\Windows\System32\KERNEL32.DLL
0x00007ff825b10000 - 0x00007ff825d83000 	C:\Windows\System32\KERNELBASE.dll
0x00007ff826ca0000 - 0x00007ff826d41000 	C:\Windows\System32\ADVAPI32.dll
0x00007ff827720000 - 0x00007ff8277be000 	C:\Windows\System32\msvcrt.dll
0x00007ff829510000 - 0x00007ff82956b000 	C:\Windows\System32\sechost.dll
0x00007ff826d50000 - 0x00007ff826e74000 	C:\Windows\System32\RPCRT4.dll
0x00007ff829570000 - 0x00007ff829700000 	C:\Windows\System32\USER32.dll
0x00007ff826200000 - 0x00007ff826220000 	C:\Windows\System32\win32u.dll
0x00007ff827240000 - 0x00007ff827268000 	C:\Windows\System32\GDI32.dll
0x00007ff825f40000 - 0x00007ff8260d2000 	C:\Windows\System32\gdi32full.dll
0x00007ff8260e0000 - 0x00007ff82617f000 	C:\Windows\System32\msvcp_win.dll
0x00007ff825e40000 - 0x00007ff825f38000 	C:\Windows\System32\ucrtbase.dll
0x00007ff815220000 - 0x00007ff815489000 	C:\Windows\WinSxS\amd64_microsoft.windows.common-controls_6595b64144ccf1df_6.0.17134.706_none_fb43a2cb30647007\COMCTL32.dll
0x00007ff826e90000 - 0x00007ff8271b2000 	C:\Windows\System32\combase.dll
0x00007ff815d20000 - 0x00007ff815d2a000 	C:\Windows\SYSTEM32\VERSION.dll
0x00007ff826180000 - 0x00007ff8261fa000 	C:\Windows\System32\bcryptPrimitives.dll
0x00007ff828eb0000 - 0x00007ff828edd000 	C:\Windows\System32\IMM32.DLL
0x00007ff80d430000 - 0x00007ff80d51f000 	C:\Program Files\Java\jdk-10.0.2\bin\msvcr120.dll
0x00007ff81c790000 - 0x00007ff81c836000 	C:\Program Files\Java\jdk-10.0.2\bin\msvcp120.dll
0x000000005e5f0000 - 0x000000005f060000 	C:\Program Files\Java\jdk-10.0.2\bin\server\jvm.dll
0x00007ff826e80000 - 0x00007ff826e88000 	C:\Windows\System32\PSAPI.DLL
0x00007ff824680000 - 0x00007ff824689000 	C:\Windows\SYSTEM32\WSOCK32.dll
0x00007ff828ee0000 - 0x00007ff828f4c000 	C:\Windows\System32\WS2_32.dll
0x00007ff823750000 - 0x00007ff823773000 	C:\Windows\SYSTEM32\WINMM.dll
0x00007ff823720000 - 0x00007ff82374a000 	C:\Windows\SYSTEM32\WINMMBASE.dll
0x00007ff826280000 - 0x00007ff8262c9000 	C:\Windows\System32\cfgmgr32.dll
0x00007ff81e8d0000 - 0x00007ff81e8df000 	C:\Program Files\Java\jdk-10.0.2\bin\verify.dll
0x00007ff824490000 - 0x00007ff824659000 	C:\Windows\SYSTEM32\DBGHELP.DLL
0x00007ff80f0e0000 - 0x00007ff80f109000 	C:\Windows\SYSTEM32\dbgcore.DLL
0x00007ff80ffc0000 - 0x00007ff80ffe7000 	C:\Program Files\Java\jdk-10.0.2\bin\java.dll
0x00007ff815670000 - 0x00007ff815686000 	C:\Program Files\Java\jdk-10.0.2\bin\zip.dll
0x00007ff81d0c0000 - 0x00007ff81d0ca000 	C:\Program Files\Java\jdk-10.0.2\bin\jimage.dll
0x00007ff827a70000 - 0x00007ff828eb0000 	C:\Windows\System32\SHELL32.dll
0x00007ff8277c0000 - 0x00007ff827869000 	C:\Windows\System32\shcore.dll
0x00007ff8264c0000 - 0x00007ff826bcd000 	C:\Windows\System32\windows.storage.dll
0x00007ff827890000 - 0x00007ff8278e1000 	C:\Windows\System32\shlwapi.dll
0x00007ff825a80000 - 0x00007ff825a91000 	C:\Windows\System32\kernel.appcore.dll
0x00007ff825af0000 - 0x00007ff825b0f000 	C:\Windows\System32\profapi.dll
0x00007ff825aa0000 - 0x00007ff825aec000 	C:\Windows\System32\powrprof.dll
0x00007ff825a50000 - 0x00007ff825a5a000 	C:\Windows\System32\FLTLIB.DLL

dbghelp: loaded successfully - version: 4.0.5 - missing functions: none
symbol engine: initialized successfully - sym options: 0x614 - pdb path: .;C:\Program Files\Java\jdk-10.0.2\bin;C:\Windows\SYSTEM32;C:\Windows\WinSxS\amd64_microsoft.windows.common-controls_6595b64144ccf1df_6.0.17134.706_none_fb43a2cb30647007;C:\Program Files\Java\jdk-10.0.2\bin\server

VM Arguments:
jvm_args: -Dfile.encoding=Cp1252 
java_command: codinginterviewbook.string.Excelcolumn
java_class_path (initial): C:\EclipseWP\Practice\bin
Launcher Type: SUN_STANDARD

Logging:
Log output configuration:
#0: stdout all=warning uptime,level,tags
#1: stderr all=off uptime,level,tags

Environment Variables:
JAVA_HOME=C:\Program Files\Java\jdk-10.0.2
JRE_HOME=C:\Program Files\Java\jre-10.0.2
PATH=C:/Program Files/Java/jdk-10.0.2/bin/server;C:/Program Files/Java/jdk-10.0.2/bin;C:\oraclexe\app\oracle\product\11.2.0\server\bin;C:\Program Files\Java\jdk-10.0.2\bin;C:\Program Files (x86)\Common Files\Oracle\Java\javapath;C:\Program Files (x86)\Intel\iCLS Client\;C:\Program Files\Intel\iCLS Client\;C:\Windows\system32;C:\Windows;C:\Windows\System32\Wbem;C:\Windows\System32\WindowsPowerShell\v1.0\;C:\Windows\System32\OpenSSH\;C:\Program Files (x86)\Intel\Intel(R) Management Engine Components\DAL;C:\Program Files\Intel\Intel(R) Management Engine Components\DAL;C:\Program Files (x86)\Intel\Intel(R) Management Engine Components\IPT;C:\Program Files\Intel\Intel(R) Management Engine Components\IPT;C:\Program Files\Git\cmd;C:\Saurabh\Software\cmake-3.13.3-win64-x64\cmake-3.13.3-win64-x64\bin;C:\Program Files\dotnet\;C:\Hadoop\spark-2.3.2-bin-hadoop2.7\bin;C:\Hadoop\bin;C:\Saurabh\Software\apache-maven-3.6.0-bin\apache-maven-3.6.0\bin;C:\Saurabh\Software\Nodejs\;C:\Program Files\PuTTY\;C:\Users\saura\AppData\Local\Programs\Python\Python37-32\Scripts\;C:\Users\saura\AppData\Local\Programs\Python\Python37-32\;C:\Program Files\Java\jdk-10.0.2\bin;C:\Users\saura\AppData\Local\Microsoft\WindowsApps;C:\Users\saura\AppData\Local\GitHubDesktop\bin;C:\Users\saura\AppData\Roaming\npm;C:\Saurabh\Software\eclipse;
USERNAME=saura
OS=Windows_NT
PROCESSOR_IDENTIFIER=Intel64 Family 6 Model 61 Stepping 4, GenuineIntel



---------------  S Y S T E M  ---------------

OS: Windows 10 , 64 bit Build 17134 (10.0.17134.706)

CPU:total 4 (initial active 4) (2 cores per cpu, 2 threads per core) family 6 model 61 stepping 4, cmov, cx8, fxsr, mmx, sse, sse2, sse3, ssse3, sse4.1, sse4.2, popcnt, avx, avx2, aes, clmul, erms, 3dnowpref, lzcnt, ht, tsc, tscinvbit, bmi1, bmi2, adx, fma

Memory: 4k page, physical 8291000k(2109372k free), swap 22300472k(4213296k free)

vm_info: Java HotSpot(TM) 64-Bit Server VM (10.0.2+13) for windows-amd64 JRE (10.0.2+13), built on Jun 28 2018 01:57:56 by "mach5one" with MS VC++ 12.0 (VS2013)

END.
